run('fcm_tsk_pso_de_EV_V2G_multiday_FFNN_LSTM_no_ARIMA_v3.m')
CSV columns found:
    "Timestamp"
    "PV"
    "Load"
    "Price"
    "SoC"
    "Unmeet_kWh_"
    "CI_gco2_kWh_"
    "EV_Charging_kW"
    "EV_Discharging_kW"
    "EV_SoC"
    "Vehicle_Count"

Converted PV from W to kW
Converted Load from W to kW
Total samples: 8784
PV range: [0.000, 1.796] kW
Load range: [1.979, 4.912] kW
Price range: [0.125, 1.000] $
Calendar features count: 6

Building lagged dataset with LAGS=24...
Expected features per sample: 126
Sample feature vector size: 126 (should be 126)
Lagged samples: 8737 (each with 126 features)

Split summary:
  Train: 6115 samples (70.0%)
  Val:   1310 samples (15.0%)
  Test:  1312 samples (15.0%)

=== Normalization Info ===
Number of features in training: 126
mu size: 126, sd size: 126

============================================================
Stage A: Training forecasters (PV, Load, Price only)
============================================================

=== Multi-horizon training ===

=== Retraining multi-horizon models ===
  PV requested clusters per horizon:    [5 5 5 5 5 5 5 5 5 5 5 5 5 5 5 5 4 5 5 5 5 5 5 5]
  Load requested clusters per horizon:  [4 5 5 5 3 3 3 3 4 4 4 4 3 5 3 3 5 5 5 4 4 4 5 5]
  Price requested clusters per horizon: [5 5 4 5 4 4 3 3 4 3 3 4 3 3 3 3 5 5 5 5 5 5 4 4]
  PV ridge lambda per horizon:           [0.1 0.1 0.1 0.1 0.1 0.1 0.1 0.1 0.1 0.1 0.1 0.1 0.1 0.1 0.1 0.1 0.1 0.1 0.1 0.1 0.1 0.1 0.1 0.1]
  Load ridge lambda per horizon:         [0.1 0.1 0.1 0.1 0.1 0.001 0.1 0.001 0.001 0.0001 0.0001 0.0001 0.1 0.0001 1e-06 1e-06 0.1 0.1 0.01 1e-06 1e-06 1e-06 0.01 0.01]
  Price ridge lambda per horizon:        [0.1 0.01 0.1 0.1 0.1 0.1 0.1 0.1 0.1 0.1 0.1 0.1 0.1 0.1 0.1 0.1 0.1 0.1 0.1 0.1 0.1 0.1 0.001 1e-05]

============================================================
Training custom FFNN forecasting benchmark (PV, Load, Price)
============================================================
  FFNN PV     epoch   1/250, val MSE = 0.922077, best = 0.922077
  FFNN PV     epoch  25/250, val MSE = 0.192481, best = 0.192481
  FFNN PV     epoch  50/250, val MSE = 0.192833, best = 0.187319
  FFNN PV     epoch  75/250, val MSE = 0.188414, best = 0.187026
  FFNN PV     epoch  81/250, val MSE = 0.194791, best = 0.187026
  FFNN PV     early stopping at epoch 81 (best val MSE 0.187026)
  FFNN Load   epoch   1/250, val MSE = 0.709630, best = 0.709630
  FFNN Load   epoch  25/250, val MSE = 0.115387, best = 0.115387
  FFNN Load   epoch  50/250, val MSE = 0.087351, best = 0.087238
  FFNN Load   epoch  75/250, val MSE = 0.082939, best = 0.076931
  FFNN Load   epoch 100/250, val MSE = 0.070924, best = 0.069274
  FFNN Load   epoch 125/250, val MSE = 0.071292, best = 0.067726
  FFNN Load   epoch 150/250, val MSE = 0.074633, best = 0.066910
  FFNN Load   epoch 159/250, val MSE = 0.071562, best = 0.066910
  FFNN Load   early stopping at epoch 159 (best val MSE 0.066910)
  FFNN Price  epoch   1/250, val MSE = 0.389601, best = 0.389601
  FFNN Price  epoch  25/250, val MSE = 0.143641, best = 0.143641
  FFNN Price  epoch  50/250, val MSE = 0.136042, best = 0.128540
  FFNN Price  epoch  69/250, val MSE = 0.134766, best = 0.128540
  FFNN Price  early stopping at epoch 69 (best val MSE 0.128540)

============================================================
Training LSTM forecasting benchmark (PV, Load, Price)
============================================================
  Training tuned LSTM PV    : 6115 sequences, 11 channels, 24 outputs
Training on single GPU.
|======================================================================================================================|
|  Epoch  |  Iteration  |  Time Elapsed  |  Mini-batch  |  Validation  |  Mini-batch  |  Validation  |  Base Learning  |
|         |             |   (hh:mm:ss)   |     RMSE     |     RMSE     |     Loss     |     Loss     |      Rate       |
|======================================================================================================================|
|       1 |           1 |       00:00:00 |         3.46 |         5.41 |       5.9803 |      14.6137 |          0.0005 |
|       1 |          50 |       00:00:00 |         4.78 |              |      11.4231 |              |          0.0005 |
|       1 |          95 |       00:00:01 |         6.14 |         5.07 |      18.8769 |      12.8729 |          0.0005 |
|       2 |         100 |       00:00:01 |         3.43 |              |       5.8664 |              |          0.0005 |
|       2 |         150 |       00:00:02 |         4.47 |              |      10.0040 |              |          0.0005 |
|       2 |         190 |       00:00:03 |         5.38 |         4.49 |      14.4767 |      10.0893 |          0.0005 |
|       3 |         200 |       00:00:03 |         3.88 |              |       7.5416 |              |          0.0005 |
|       3 |         250 |       00:00:04 |         4.08 |              |       8.3280 |              |          0.0005 |
|       3 |         285 |       00:00:05 |         4.42 |         3.71 |       9.7790 |       6.8966 |          0.0005 |
|       4 |         300 |       00:00:05 |         3.35 |              |       5.6021 |              |          0.0005 |
|       4 |         350 |       00:00:06 |         3.49 |              |       6.0922 |              |          0.0005 |
|       4 |         380 |       00:00:06 |         3.64 |         3.15 |       6.6206 |       4.9710 |          0.0005 |
|       5 |         400 |       00:00:06 |         2.99 |              |       4.4666 |              |          0.0005 |
|       5 |         450 |       00:00:07 |         2.95 |              |       4.3518 |              |          0.0005 |
|       5 |         475 |       00:00:08 |         3.08 |         2.79 |       4.7406 |       3.8866 |          0.0005 |
|       6 |         500 |       00:00:08 |         2.52 |              |       3.1768 |              |          0.0005 |
|       6 |         550 |       00:00:09 |         2.78 |              |       3.8715 |              |          0.0005 |
|       6 |         570 |       00:00:09 |         2.77 |         2.51 |       3.8372 |       3.1547 |          0.0005 |
|       7 |         600 |       00:00:10 |         2.30 |              |       2.6550 |              |          0.0005 |
|       7 |         650 |       00:00:11 |         2.21 |              |       2.4416 |              |          0.0005 |
|       7 |         665 |       00:00:11 |         2.44 |         2.36 |       2.9654 |       2.7768 |          0.0005 |
|       8 |         700 |       00:00:12 |         2.26 |              |       2.5635 |              |          0.0005 |
|       8 |         750 |       00:00:12 |         2.11 |              |       2.2275 |              |          0.0005 |
|       8 |         760 |       00:00:13 |         2.25 |         2.27 |       2.5269 |       2.5770 |          0.0005 |
|       9 |         800 |       00:00:13 |         2.36 |              |       2.7869 |              |          0.0005 |
|       9 |         850 |       00:00:14 |         2.58 |              |       3.3186 |              |          0.0005 |
|       9 |         855 |       00:00:14 |         2.13 |         2.23 |       2.2742 |       2.4856 |          0.0005 |
|      10 |         900 |       00:00:15 |         2.27 |              |       2.5780 |              |          0.0005 |
|      10 |         950 |       00:00:16 |         2.12 |         2.22 |       2.2523 |       2.4609 |          0.0005 |
|      11 |        1000 |       00:00:17 |         2.80 |              |       3.9291 |              |          0.0005 |
|      11 |        1045 |       00:00:18 |         1.95 |         2.23 |       1.8966 |       2.4825 |          0.0005 |
|      12 |        1050 |       00:00:18 |         2.52 |              |       3.1771 |              |          0.0005 |
|      12 |        1100 |       00:00:18 |         1.88 |              |       1.7650 |              |          0.0005 |
|      12 |        1140 |       00:00:19 |         1.79 |         2.24 |       1.6042 |       2.5042 |          0.0005 |
|      13 |        1150 |       00:00:19 |         1.93 |              |       1.8710 |              |          0.0005 |
|      13 |        1200 |       00:00:20 |         1.72 |              |       1.4828 |              |          0.0005 |
|      13 |        1235 |       00:00:21 |         1.92 |         2.21 |       1.8472 |       2.4430 |          0.0005 |
|      14 |        1250 |       00:00:21 |         2.29 |              |       2.6319 |              |          0.0005 |
|      14 |        1300 |       00:00:22 |         2.31 |              |       2.6590 |              |          0.0005 |
|      14 |        1330 |       00:00:22 |         1.86 |         2.19 |       1.7332 |       2.3992 |          0.0005 |
|      15 |        1350 |       00:00:23 |         2.43 |              |       2.9404 |              |          0.0005 |
|      15 |        1400 |       00:00:24 |         1.82 |              |       1.6546 |              |          0.0005 |
|      15 |        1425 |       00:00:24 |         1.87 |         2.16 |       1.7410 |       2.3299 |          0.0005 |
|      16 |        1450 |       00:00:25 |         1.91 |              |       1.8188 |              |          0.0005 |
|      16 |        1500 |       00:00:25 |         1.87 |              |       1.7518 |              |          0.0005 |
|      16 |        1520 |       00:00:26 |         1.81 |         2.14 |       1.6375 |       2.2944 |          0.0005 |
|      17 |        1550 |       00:00:26 |         1.99 |              |       1.9741 |              |          0.0005 |
|      17 |        1600 |       00:00:27 |         1.85 |              |       1.7086 |              |          0.0005 |
|      17 |        1615 |       00:00:27 |         1.78 |         2.13 |       1.5864 |       2.2623 |          0.0005 |
|      18 |        1650 |       00:00:28 |         2.13 |              |       2.2645 |              |          0.0005 |
|      18 |        1700 |       00:00:29 |         1.90 |              |       1.8111 |              |          0.0005 |
|      18 |        1710 |       00:00:29 |         1.77 |         2.12 |       1.5627 |       2.2434 |          0.0005 |
|      19 |        1750 |       00:00:30 |         1.92 |              |       1.8480 |              |          0.0005 |
|      19 |        1800 |       00:00:31 |         2.50 |              |       3.1240 |              |          0.0005 |
|      19 |        1805 |       00:00:31 |         1.74 |         2.12 |       1.5160 |       2.2430 |          0.0005 |
|      20 |        1850 |       00:00:31 |         2.08 |              |       2.1702 |              |          0.0005 |
|      20 |        1900 |       00:00:32 |         1.68 |         2.13 |       1.4070 |       2.2657 |          0.0005 |
|      21 |        1950 |       00:00:33 |         2.72 |              |       3.6874 |              |          0.0005 |
|      21 |        1995 |       00:00:34 |         1.67 |         2.15 |       1.3999 |       2.3181 |          0.0005 |
|      22 |        2000 |       00:00:34 |         2.32 |              |       2.6892 |              |          0.0005 |
|      22 |        2050 |       00:00:35 |         1.74 |              |       1.5177 |              |          0.0005 |
|      22 |        2090 |       00:00:36 |         1.64 |         2.18 |       1.3472 |       2.3789 |          0.0005 |
|      23 |        2100 |       00:00:36 |         1.77 |              |       1.5641 |              |          0.0005 |
|      23 |        2150 |       00:00:37 |         1.51 |              |       1.1451 |              |          0.0005 |
|      23 |        2185 |       00:00:37 |         1.73 |         2.17 |       1.5025 |       2.3501 |          0.0005 |
|      24 |        2200 |       00:00:37 |         2.20 |              |       2.4132 |              |          0.0005 |
|      24 |        2250 |       00:00:38 |         2.29 |              |       2.6309 |              |          0.0005 |
|      24 |        2280 |       00:00:39 |         1.80 |         2.17 |       1.6130 |       2.3527 |          0.0005 |
|      25 |        2300 |       00:00:39 |         2.36 |              |       2.7932 |              |          0.0005 |
|      25 |        2350 |       00:00:40 |         1.73 |              |       1.4971 |              |          0.0005 |
|      25 |        2375 |       00:00:40 |         1.79 |         2.14 |       1.6004 |       2.2880 |          0.0005 |
|      26 |        2400 |       00:00:41 |         1.55 |              |       1.2019 |              |          0.0005 |
|      26 |        2450 |       00:00:41 |         1.84 |              |       1.6837 |              |          0.0005 |
|      26 |        2470 |       00:00:42 |         1.74 |         2.13 |       1.5178 |       2.2688 |          0.0005 |
|      27 |        2500 |       00:00:42 |         1.83 |              |       1.6751 |              |          0.0005 |
|      27 |        2550 |       00:00:43 |         1.69 |              |       1.4262 |              |          0.0005 |
|      27 |        2565 |       00:00:43 |         1.87 |         2.11 |       1.7525 |       2.2208 |          0.0005 |
|      28 |        2600 |       00:00:44 |         2.10 |              |       2.2098 |              |          0.0005 |
|      28 |        2650 |       00:00:45 |         1.87 |              |       1.7487 |              |          0.0005 |
|      28 |        2660 |       00:00:45 |         1.76 |         2.10 |       1.5429 |       2.2096 |          0.0005 |
|      29 |        2700 |       00:00:46 |         1.88 |              |       1.7763 |              |          0.0005 |
|      29 |        2750 |       00:00:47 |         2.48 |              |       3.0673 |              |          0.0005 |
|      29 |        2755 |       00:00:47 |         1.79 |         2.09 |       1.6052 |       2.1944 |          0.0005 |
|      30 |        2800 |       00:00:47 |         1.98 |              |       1.9626 |              |          0.0005 |
|      30 |        2850 |       00:00:48 |         1.74 |         2.10 |       1.5197 |       2.2072 |          0.0005 |
|      31 |        2900 |       00:00:49 |         2.69 |              |       3.6302 |              |          0.0003 |
|      31 |        2945 |       00:00:50 |         1.78 |         2.15 |       1.5896 |       2.3079 |          0.0003 |
|      32 |        2950 |       00:00:50 |         2.36 |              |       2.7871 |              |          0.0003 |
|      32 |        3000 |       00:00:51 |         1.75 |              |       1.5366 |              |          0.0003 |
|      32 |        3040 |       00:00:52 |         1.73 |         2.16 |       1.5034 |       2.3432 |          0.0003 |
|      33 |        3050 |       00:00:52 |         1.73 |              |       1.4936 |              |          0.0003 |
|      33 |        3100 |       00:00:53 |         1.44 |              |       1.0436 |              |          0.0003 |
|      33 |        3135 |       00:00:53 |         1.70 |         2.19 |       1.4428 |       2.3954 |          0.0003 |
|      34 |        3150 |       00:00:54 |         2.08 |              |       2.1697 |              |          0.0003 |
|      34 |        3200 |       00:00:55 |         2.15 |              |       2.3114 |              |          0.0003 |
|      34 |        3230 |       00:00:55 |         1.64 |         2.19 |       1.3490 |       2.3984 |          0.0003 |
|      35 |        3250 |       00:00:55 |         2.30 |              |       2.6494 |              |          0.0003 |
|      35 |        3300 |       00:00:56 |         1.70 |              |       1.4370 |              |          0.0003 |
|      35 |        3325 |       00:00:57 |         1.72 |         2.17 |       1.4717 |       2.3606 |          0.0003 |
|      36 |        3350 |       00:00:57 |         1.43 |              |       1.0168 |              |          0.0003 |
|      36 |        3400 |       00:00:58 |         1.82 |              |       1.6580 |              |          0.0003 |
|      36 |        3420 |       00:00:58 |         1.76 |         2.16 |       1.5418 |       2.3334 |          0.0003 |
|      37 |        3450 |       00:00:59 |         1.85 |              |       1.7064 |              |          0.0003 |
|      37 |        3500 |       00:01:00 |         1.78 |              |       1.5811 |              |          0.0003 |
|      37 |        3515 |       00:01:00 |         1.76 |         2.13 |       1.5525 |       2.2721 |          0.0003 |
|      38 |        3550 |       00:01:00 |         2.18 |              |       2.3816 |              |          0.0003 |
|      38 |        3600 |       00:01:01 |         1.90 |              |       1.8042 |              |          0.0003 |
|      38 |        3610 |       00:01:02 |         1.70 |         2.12 |       1.4413 |       2.2456 |          0.0003 |
|      39 |        3650 |       00:01:02 |         1.74 |              |       1.5132 |              |          0.0003 |
|      39 |        3700 |       00:01:03 |         2.46 |              |       3.0278 |              |          0.0003 |
|      39 |        3705 |       00:01:03 |         1.84 |         2.11 |       1.6865 |       2.2240 |          0.0003 |
|      40 |        3750 |       00:01:04 |         1.88 |              |       1.7602 |              |          0.0003 |
|      40 |        3800 |       00:01:05 |         1.77 |         2.11 |       1.5743 |       2.2364 |          0.0003 |
|      41 |        3850 |       00:01:06 |         2.62 |              |       3.4404 |              |          0.0003 |
|      41 |        3895 |       00:01:07 |         1.72 |         2.12 |       1.4808 |       2.2416 |          0.0003 |
|======================================================================================================================|
  Training tuned LSTM Load  : 6115 sequences, 11 channels, 24 outputs
Training on single GPU.
|======================================================================================================================|
|  Epoch  |  Iteration  |  Time Elapsed  |  Mini-batch  |  Validation  |  Mini-batch  |  Validation  |  Base Learning  |
|         |             |   (hh:mm:ss)   |     RMSE     |     RMSE     |     Loss     |     Loss     |      Rate       |
|======================================================================================================================|
|       1 |           1 |       00:00:00 |         5.55 |         4.52 |      15.3749 |      10.2200 |          0.0005 |
|       1 |          50 |       00:00:00 |         5.16 |              |      13.3120 |              |          0.0005 |
|       1 |          95 |       00:00:01 |         4.20 |         4.36 |       8.8318 |       9.5099 |          0.0005 |
|       2 |         100 |       00:00:01 |         4.33 |              |       9.3822 |              |          0.0005 |
|       2 |         150 |       00:00:02 |         4.32 |              |       9.3299 |              |          0.0005 |
|       2 |         190 |       00:00:03 |         3.96 |         4.17 |       7.8538 |       8.7040 |          0.0005 |
|       3 |         200 |       00:00:03 |         3.40 |              |       5.7669 |              |          0.0005 |
|       3 |         250 |       00:00:04 |         3.55 |              |       6.3019 |              |          0.0005 |
|       3 |         285 |       00:00:04 |         3.79 |         3.95 |       7.1691 |       7.7989 |          0.0005 |
|       4 |         300 |       00:00:04 |         2.86 |              |       4.0851 |              |          0.0005 |
|       4 |         350 |       00:00:05 |         6.37 |              |      20.2766 |              |          0.0005 |
|       4 |         380 |       00:00:06 |         3.77 |         3.88 |       7.1133 |       7.5318 |          0.0005 |
|       5 |         400 |       00:00:06 |         2.48 |              |       3.0723 |              |          0.0005 |
|       5 |         450 |       00:00:07 |         3.42 |              |       5.8572 |              |          0.0005 |
|       5 |         475 |       00:00:07 |         3.86 |         3.92 |       7.4479 |       7.6933 |          0.0005 |
|       6 |         500 |       00:00:07 |         2.34 |              |       2.7278 |              |          0.0005 |
|       6 |         550 |       00:00:08 |         4.12 |              |       8.4959 |              |          0.0005 |
|       6 |         570 |       00:00:08 |         3.85 |         3.90 |       7.4196 |       7.6105 |          0.0005 |
|       7 |         600 |       00:00:09 |         2.11 |              |       2.2225 |              |          0.0005 |
|       7 |         650 |       00:00:10 |         2.88 |              |       4.1471 |              |          0.0005 |
|       7 |         665 |       00:00:10 |         3.65 |         3.76 |       6.6734 |       7.0862 |          0.0005 |
|       8 |         700 |       00:00:10 |         1.88 |              |       1.7615 |              |          0.0005 |
|       8 |         750 |       00:00:11 |         2.66 |              |       3.5409 |              |          0.0005 |
|       8 |         760 |       00:00:11 |         3.57 |         3.60 |       6.3568 |       6.4915 |          0.0005 |
|       9 |         800 |       00:00:12 |         1.93 |              |       1.8536 |              |          0.0005 |
|       9 |         850 |       00:00:13 |         2.22 |              |       2.4667 |              |          0.0005 |
|       9 |         855 |       00:00:13 |         3.35 |         3.46 |       5.6220 |       5.9732 |          0.0005 |
|      10 |         900 |       00:00:13 |         1.48 |              |       1.0887 |              |          0.0005 |
|      10 |         950 |       00:00:14 |         3.24 |         3.30 |       5.2349 |       5.4557 |          0.0005 |
|      11 |        1000 |       00:00:15 |         1.43 |              |       1.0237 |              |          0.0005 |
|      11 |        1045 |       00:00:16 |         3.17 |         3.18 |       5.0299 |       5.0630 |          0.0005 |
|      12 |        1050 |       00:00:16 |         1.70 |              |       1.4518 |              |          0.0005 |
|      12 |        1100 |       00:00:17 |         1.54 |              |       1.1865 |              |          0.0005 |
|      12 |        1140 |       00:00:17 |         2.99 |         3.07 |       4.4779 |       4.7154 |          0.0005 |
|      13 |        1150 |       00:00:17 |         1.57 |              |       1.2369 |              |          0.0005 |
|      13 |        1200 |       00:00:18 |         1.18 |              |       0.6976 |              |          0.0005 |
|      13 |        1235 |       00:00:19 |         2.79 |         2.91 |       3.8897 |       4.2453 |          0.0005 |
|      14 |        1250 |       00:00:19 |         1.60 |              |       1.2742 |              |          0.0005 |
|      14 |        1300 |       00:00:20 |         3.52 |              |       6.1957 |              |          0.0005 |
|      14 |        1330 |       00:00:20 |         2.87 |         2.87 |       4.1253 |       4.1316 |          0.0005 |
|      15 |        1350 |       00:00:21 |         1.31 |              |       0.8577 |              |          0.0005 |
|      15 |        1400 |       00:00:21 |         1.95 |              |       1.9017 |              |          0.0005 |
|      15 |        1425 |       00:00:22 |         2.80 |         2.77 |       3.9168 |       3.8403 |          0.0005 |
|      16 |        1450 |       00:00:22 |         1.55 |              |       1.1954 |              |          0.0005 |
|      16 |        1500 |       00:00:23 |         2.62 |              |       3.4323 |              |          0.0005 |
|      16 |        1520 |       00:00:23 |         2.70 |         2.66 |       3.6422 |       3.5377 |          0.0005 |
|      17 |        1550 |       00:00:24 |         1.47 |              |       1.0857 |              |          0.0005 |
|      17 |        1600 |       00:00:24 |         1.74 |              |       1.5065 |              |          0.0005 |
|      17 |        1615 |       00:00:25 |         2.57 |         2.59 |       3.2999 |       3.3495 |          0.0005 |
|      18 |        1650 |       00:00:25 |         1.29 |              |       0.8343 |              |          0.0005 |
|      18 |        1700 |       00:00:26 |         1.44 |              |       1.0398 |              |          0.0005 |
|      18 |        1710 |       00:00:26 |         2.65 |         2.57 |       3.5188 |       3.3050 |          0.0005 |
|      19 |        1750 |       00:00:27 |         1.36 |              |       0.9266 |              |          0.0005 |
|      19 |        1800 |       00:00:27 |         2.02 |              |       2.0440 |              |          0.0005 |
|      19 |        1805 |       00:00:28 |         2.53 |         2.48 |       3.1905 |       3.0687 |          0.0005 |
|      20 |        1850 |       00:00:28 |         1.16 |              |       0.6748 |              |          0.0005 |
|      20 |        1900 |       00:00:29 |         2.54 |         2.44 |       3.2307 |       2.9827 |          0.0005 |
|      21 |        1950 |       00:00:30 |         1.18 |              |       0.6928 |              |          0.0005 |
|      21 |        1995 |       00:00:30 |         2.44 |         2.37 |       2.9874 |       2.8144 |          0.0005 |
|      22 |        2000 |       00:00:31 |         1.67 |              |       1.3985 |              |          0.0005 |
|      22 |        2050 |       00:00:31 |         1.40 |              |       0.9831 |              |          0.0005 |
|      22 |        2090 |       00:00:32 |         2.42 |         2.32 |       2.9369 |       2.7017 |          0.0005 |
|      23 |        2100 |       00:00:32 |         1.38 |              |       0.9457 |              |          0.0005 |
|      23 |        2150 |       00:00:33 |         0.99 |              |       0.4892 |              |          0.0005 |
|      23 |        2185 |       00:00:33 |         2.30 |         2.26 |       2.6528 |       2.5486 |          0.0005 |
|      24 |        2200 |       00:00:34 |         1.38 |              |       0.9553 |              |          0.0005 |
|      24 |        2250 |       00:00:34 |         3.17 |              |       5.0219 |              |          0.0005 |
|      24 |        2280 |       00:00:35 |         2.24 |         2.21 |       2.5166 |       2.4517 |          0.0005 |
|      25 |        2300 |       00:00:35 |         1.12 |              |       0.6247 |              |          0.0005 |
|      25 |        2350 |       00:00:36 |         1.77 |              |       1.5599 |              |          0.0005 |
|      25 |        2375 |       00:00:36 |         2.24 |         2.20 |       2.5129 |       2.4249 |          0.0005 |
|      26 |        2400 |       00:00:37 |         1.37 |              |       0.9406 |              |          0.0005 |
|      26 |        2450 |       00:00:37 |         2.48 |              |       3.0692 |              |          0.0005 |
|      26 |        2470 |       00:00:38 |         2.14 |         2.15 |       2.3004 |       2.3105 |          0.0005 |
|      27 |        2500 |       00:00:38 |         1.27 |              |       0.8019 |              |          0.0005 |
|      27 |        2550 |       00:00:39 |         1.59 |              |       1.2692 |              |          0.0005 |
|      27 |        2565 |       00:00:39 |         2.16 |         2.12 |       2.3345 |       2.2563 |          0.0005 |
|      28 |        2600 |       00:00:40 |         1.16 |              |       0.6772 |              |          0.0005 |
|      28 |        2650 |       00:00:41 |         1.33 |              |       0.8802 |              |          0.0005 |
|      28 |        2660 |       00:00:41 |         2.11 |         2.02 |       2.2338 |       2.0411 |          0.0005 |
|      29 |        2700 |       00:00:42 |         1.26 |              |       0.7881 |              |          0.0005 |
|      29 |        2750 |       00:00:43 |         2.06 |              |       2.1289 |              |          0.0005 |
|      29 |        2755 |       00:00:43 |         2.13 |         1.99 |       2.2639 |       1.9756 |          0.0005 |
|      30 |        2800 |       00:00:43 |         1.12 |              |       0.6303 |              |          0.0005 |
|      30 |        2850 |       00:00:44 |         2.10 |         1.96 |       2.2057 |       1.9145 |          0.0005 |
|      31 |        2900 |       00:00:45 |         1.08 |              |       0.5801 |              |          0.0003 |
|      31 |        2945 |       00:00:46 |         2.01 |         1.87 |       2.0126 |       1.7565 |          0.0003 |
|      32 |        2950 |       00:00:46 |         1.63 |              |       1.3321 |              |          0.0003 |
|      32 |        3000 |       00:00:47 |         1.36 |              |       0.9258 |              |          0.0003 |
|      32 |        3040 |       00:00:48 |         1.97 |         1.88 |       1.9424 |       1.7723 |          0.0003 |
|      33 |        3050 |       00:00:48 |         1.33 |              |       0.8895 |              |          0.0003 |
|      33 |        3100 |       00:00:48 |         0.94 |              |       0.4381 |              |          0.0003 |
|      33 |        3135 |       00:00:49 |         1.92 |         1.91 |       1.8512 |       1.8226 |          0.0003 |
|      34 |        3150 |       00:00:49 |         1.35 |              |       0.9071 |              |          0.0003 |
|      34 |        3200 |       00:00:50 |         2.74 |              |       3.7521 |              |          0.0003 |
|      34 |        3230 |       00:00:51 |         2.10 |         1.95 |       2.2042 |       1.8948 |          0.0003 |
|      35 |        3250 |       00:00:51 |         1.11 |              |       0.6165 |              |          0.0003 |
|      35 |        3300 |       00:00:52 |         1.75 |              |       1.5344 |              |          0.0003 |
|      35 |        3325 |       00:00:52 |         2.05 |         1.93 |       2.1069 |       1.8677 |          0.0003 |
|      36 |        3350 |       00:00:52 |         1.31 |              |       0.8638 |              |          0.0003 |
|      36 |        3400 |       00:00:53 |         2.32 |              |       2.6851 |              |          0.0003 |
|      36 |        3420 |       00:00:54 |         2.08 |         1.94 |       2.1548 |       1.8862 |          0.0003 |
|      37 |        3450 |       00:00:54 |         1.05 |              |       0.5466 |              |          0.0003 |
|      37 |        3500 |       00:00:55 |         1.54 |              |       1.1847 |              |          0.0003 |
|      37 |        3515 |       00:00:55 |         2.09 |         1.92 |       2.1919 |       1.8433 |          0.0003 |
|      38 |        3550 |       00:00:56 |         1.12 |              |       0.6300 |              |          0.0003 |
|      38 |        3600 |       00:00:56 |         1.17 |              |       0.6848 |              |          0.0003 |
|      38 |        3610 |       00:00:57 |         2.15 |         1.89 |       2.3170 |       1.7890 |          0.0003 |
|      39 |        3650 |       00:00:57 |         1.17 |              |       0.6893 |              |          0.0003 |
|      39 |        3700 |       00:00:58 |         1.99 |              |       1.9776 |              |          0.0003 |
|      39 |        3705 |       00:00:58 |         1.98 |         1.86 |       1.9555 |       1.7346 |          0.0003 |
|      40 |        3750 |       00:00:59 |         1.13 |              |       0.6337 |              |          0.0003 |
|      40 |        3800 |       00:01:00 |         1.97 |         1.84 |       1.9354 |       1.7003 |          0.0003 |
|      41 |        3850 |       00:01:01 |         1.06 |              |       0.5619 |              |          0.0003 |
|      41 |        3895 |       00:01:01 |         1.91 |         1.84 |       1.8325 |       1.6995 |          0.0003 |
|      42 |        3900 |       00:01:01 |         1.51 |              |       1.1388 |              |          0.0003 |
|      42 |        3950 |       00:01:02 |         1.41 |              |       0.9938 |              |          0.0003 |
|      42 |        3990 |       00:01:03 |         1.90 |         1.80 |       1.8068 |       1.6277 |          0.0003 |
|      43 |        4000 |       00:01:03 |         1.27 |              |       0.8055 |              |          0.0003 |
|      43 |        4050 |       00:01:04 |         0.96 |              |       0.4574 |              |          0.0003 |
|      43 |        4085 |       00:01:04 |         1.91 |         1.82 |       1.8300 |       1.6519 |          0.0003 |
|      44 |        4100 |       00:01:05 |         1.40 |              |       0.9756 |              |          0.0003 |
|      44 |        4150 |       00:01:05 |         2.65 |              |       3.4985 |              |          0.0003 |
|      44 |        4180 |       00:01:06 |         1.99 |         1.83 |       1.9815 |       1.6691 |          0.0003 |
|      45 |        4200 |       00:01:06 |         1.08 |              |       0.5810 |              |          0.0003 |
|      45 |        4250 |       00:01:07 |         1.67 |              |       1.3975 |              |          0.0003 |
|      45 |        4275 |       00:01:08 |         1.86 |         1.82 |       1.7333 |       1.6515 |          0.0003 |
|      46 |        4300 |       00:01:08 |         1.31 |              |       0.8590 |              |          0.0003 |
|      46 |        4350 |       00:01:09 |         2.30 |              |       2.6515 |              |          0.0003 |
|      46 |        4370 |       00:01:09 |         1.96 |         1.81 |       1.9137 |       1.6371 |          0.0003 |
|      47 |        4400 |       00:01:10 |         1.04 |              |       0.5401 |              |          0.0003 |
|      47 |        4450 |       00:01:10 |         1.50 |              |       1.1310 |              |          0.0003 |
|      47 |        4465 |       00:01:11 |         1.99 |         1.80 |       1.9883 |       1.6289 |          0.0003 |
|      48 |        4500 |       00:01:11 |         1.12 |              |       0.6256 |              |          0.0003 |
|      48 |        4550 |       00:01:12 |         1.15 |              |       0.6588 |              |          0.0003 |
|      48 |        4560 |       00:01:12 |         1.95 |         1.78 |       1.9068 |       1.5871 |          0.0003 |
|      49 |        4600 |       00:01:13 |         1.22 |              |       0.7410 |              |          0.0003 |
|      49 |        4650 |       00:01:14 |         1.87 |              |       1.7438 |              |          0.0003 |
|      49 |        4655 |       00:01:14 |         1.91 |         1.78 |       1.8190 |       1.5896 |          0.0003 |
|      50 |        4700 |       00:01:14 |         1.10 |              |       0.6062 |              |          0.0003 |
|      50 |        4750 |       00:01:15 |         1.91 |         1.75 |       1.8284 |       1.5349 |          0.0003 |
|      51 |        4800 |       00:01:16 |         1.03 |              |       0.5320 |              |          0.0003 |
|      51 |        4845 |       00:01:17 |         1.85 |         1.77 |       1.7068 |       1.5654 |          0.0003 |
|      52 |        4850 |       00:01:17 |         1.56 |              |       1.2196 |              |          0.0003 |
|      52 |        4900 |       00:01:17 |         1.35 |              |       0.9074 |              |          0.0003 |
|      52 |        4940 |       00:01:18 |         1.87 |         1.74 |       1.7540 |       1.5096 |          0.0003 |
|      53 |        4950 |       00:01:18 |         1.23 |              |       0.7543 |              |          0.0003 |
|      53 |        5000 |       00:01:19 |         0.92 |              |       0.4268 |              |          0.0003 |
|      53 |        5035 |       00:01:20 |         1.88 |         1.74 |       1.7649 |       1.5160 |          0.0003 |
|      54 |        5050 |       00:01:20 |         1.35 |              |       0.9127 |              |          0.0003 |
|      54 |        5100 |       00:01:21 |         2.55 |              |       3.2596 |              |          0.0003 |
|      54 |        5130 |       00:01:21 |         1.91 |         1.73 |       1.8148 |       1.5023 |          0.0003 |
|      55 |        5150 |       00:01:21 |         1.02 |              |       0.5179 |              |          0.0003 |
|      55 |        5200 |       00:01:22 |         1.56 |              |       1.2181 |              |          0.0003 |
|      55 |        5225 |       00:01:23 |         1.92 |         1.72 |       1.8407 |       1.4853 |          0.0003 |
|      56 |        5250 |       00:01:23 |         1.26 |              |       0.7998 |              |          0.0003 |
|      56 |        5300 |       00:01:24 |         2.17 |              |       2.3444 |              |          0.0003 |
|      56 |        5320 |       00:01:24 |         1.92 |         1.73 |       1.8367 |       1.4883 |          0.0003 |
|      57 |        5350 |       00:01:25 |         1.00 |              |       0.5040 |              |          0.0003 |
|      57 |        5400 |       00:01:25 |         1.50 |              |       1.1287 |              |          0.0003 |
|      57 |        5415 |       00:01:26 |         1.94 |         1.73 |       1.8760 |       1.5002 |          0.0003 |
|      58 |        5450 |       00:01:26 |         1.11 |              |       0.6157 |              |          0.0003 |
|      58 |        5500 |       00:01:27 |         1.14 |              |       0.6548 |              |          0.0003 |
|      58 |        5510 |       00:01:27 |         1.87 |         1.73 |       1.7530 |       1.4954 |          0.0003 |
|      59 |        5550 |       00:01:28 |         1.12 |              |       0.6297 |              |          0.0003 |
|      59 |        5600 |       00:01:29 |         1.70 |              |       1.4385 |              |          0.0003 |
|      59 |        5605 |       00:01:29 |         1.87 |         1.72 |       1.7404 |       1.4859 |          0.0003 |
|      60 |        5650 |       00:01:29 |         1.06 |              |       0.5568 |              |          0.0003 |
|      60 |        5700 |       00:01:30 |         1.89 |         1.71 |       1.7776 |       1.4597 |          0.0003 |
|      61 |        5750 |       00:01:31 |         1.03 |              |       0.5318 |              |          0.0001 |
|      61 |        5795 |       00:01:32 |         1.88 |         1.68 |       1.7745 |       1.4158 |          0.0001 |
|      62 |        5800 |       00:01:32 |         1.53 |              |       1.1744 |              |          0.0001 |
|      62 |        5850 |       00:01:33 |         1.41 |              |       0.9888 |              |          0.0001 |
|      62 |        5890 |       00:01:33 |         1.83 |         1.68 |       1.6762 |       1.4123 |          0.0001 |
|      63 |        5900 |       00:01:33 |         1.27 |              |       0.8013 |              |          0.0001 |
|      63 |        5950 |       00:01:34 |         0.85 |              |       0.3596 |              |          0.0001 |
|      63 |        5985 |       00:01:35 |         1.82 |         1.67 |       1.6589 |       1.4020 |          0.0001 |
|      64 |        6000 |       00:01:35 |         1.34 |              |       0.8992 |              |          0.0001 |
|      64 |        6050 |       00:01:36 |         2.47 |              |       3.0429 |              |          0.0001 |
|      64 |        6080 |       00:01:36 |         1.80 |         1.68 |       1.6193 |       1.4115 |          0.0001 |
|      65 |        6100 |       00:01:37 |         1.05 |              |       0.5543 |              |          0.0001 |
|      65 |        6150 |       00:01:37 |         1.63 |              |       1.3237 |              |          0.0001 |
|      65 |        6175 |       00:01:38 |         1.88 |         1.68 |       1.7579 |       1.4067 |          0.0001 |
|      66 |        6200 |       00:01:38 |         1.32 |              |       0.8678 |              |          0.0001 |
|      66 |        6250 |       00:01:39 |         2.21 |              |       2.4385 |              |          0.0001 |
|      66 |        6270 |       00:01:40 |         1.83 |         1.68 |       1.6703 |       1.4156 |          0.0001 |
|      67 |        6300 |       00:01:40 |         1.09 |              |       0.5943 |              |          0.0001 |
|      67 |        6350 |       00:01:41 |         1.36 |              |       0.9294 |              |          0.0001 |
|      67 |        6365 |       00:01:41 |         1.81 |         1.67 |       1.6306 |       1.4010 |          0.0001 |
|      68 |        6400 |       00:01:42 |         1.11 |              |       0.6155 |              |          0.0001 |
|      68 |        6450 |       00:01:42 |         1.17 |              |       0.6824 |              |          0.0001 |
|      68 |        6460 |       00:01:43 |         1.77 |         1.68 |       1.5710 |       1.4035 |          0.0001 |
|      69 |        6500 |       00:01:43 |         1.21 |              |       0.7275 |              |          0.0001 |
|      69 |        6550 |       00:01:44 |         1.83 |              |       1.6705 |              |          0.0001 |
|      69 |        6555 |       00:01:44 |         1.80 |         1.67 |       1.6141 |       1.3943 |          0.0001 |
|      70 |        6600 |       00:01:45 |         1.08 |              |       0.5802 |              |          0.0001 |
|      70 |        6650 |       00:01:46 |         1.88 |         1.68 |       1.7584 |       1.4098 |          0.0001 |
|      71 |        6700 |       00:01:46 |         1.04 |              |       0.5453 |              |          0.0001 |
|      71 |        6745 |       00:01:47 |         1.82 |         1.66 |       1.6528 |       1.3790 |          0.0001 |
|      72 |        6750 |       00:01:47 |         1.47 |              |       1.0786 |              |          0.0001 |
|      72 |        6800 |       00:01:48 |         1.39 |              |       0.9702 |              |          0.0001 |
|      72 |        6840 |       00:01:49 |         1.80 |         1.67 |       1.6263 |       1.4016 |          0.0001 |
|      73 |        6850 |       00:01:49 |         1.26 |              |       0.7878 |              |          0.0001 |
|      73 |        6900 |       00:01:50 |         0.83 |              |       0.3415 |              |          0.0001 |
|      73 |        6935 |       00:01:50 |         1.80 |         1.67 |       1.6189 |       1.3894 |          0.0001 |
|      74 |        6950 |       00:01:51 |         1.35 |              |       0.9087 |              |          0.0001 |
|      74 |        7000 |       00:01:51 |         2.49 |              |       3.0939 |              |          0.0001 |
|      74 |        7030 |       00:01:52 |         1.88 |         1.66 |       1.7638 |       1.3795 |          0.0001 |
|      75 |        7050 |       00:01:52 |         1.02 |              |       0.5234 |              |          0.0001 |
|      75 |        7100 |       00:01:53 |         1.52 |              |       1.1553 |              |          0.0001 |
|      75 |        7125 |       00:01:53 |         1.81 |         1.65 |       1.6342 |       1.3636 |          0.0001 |
|      76 |        7150 |       00:01:54 |         1.27 |              |       0.8126 |              |          0.0001 |
|      76 |        7200 |       00:01:55 |         2.30 |              |       2.6419 |              |          0.0001 |
|      76 |        7220 |       00:01:55 |         1.79 |         1.66 |       1.5968 |       1.3697 |          0.0001 |
|      77 |        7250 |       00:01:55 |         1.02 |              |       0.5233 |              |          0.0001 |
|      77 |        7300 |       00:01:56 |         1.38 |              |       0.9591 |              |          0.0001 |
|      77 |        7315 |       00:01:57 |         1.84 |         1.64 |       1.6882 |       1.3459 |          0.0001 |
|      78 |        7350 |       00:01:57 |         1.06 |              |       0.5592 |              |          0.0001 |
|      78 |        7400 |       00:01:58 |         1.14 |              |       0.6519 |              |          0.0001 |
|      78 |        7410 |       00:01:58 |         1.82 |         1.64 |       1.6546 |       1.3520 |          0.0001 |
|      79 |        7450 |       00:01:59 |         1.20 |              |       0.7162 |              |          0.0001 |
|      79 |        7500 |       00:02:00 |         1.72 |              |       1.4726 |              |          0.0001 |
|      79 |        7505 |       00:02:00 |         1.85 |         1.65 |       1.7086 |       1.3629 |          0.0001 |
|      80 |        7550 |       00:02:01 |         1.10 |              |       0.6056 |              |          0.0001 |
|      80 |        7600 |       00:02:02 |         1.83 |         1.65 |       1.6775 |       1.3579 |          0.0001 |
|      81 |        7650 |       00:02:02 |         0.99 |              |       0.4867 |              |          0.0001 |
|      81 |        7695 |       00:02:03 |         1.75 |         1.65 |       1.5361 |       1.3548 |          0.0001 |
|      82 |        7700 |       00:02:03 |         1.53 |              |       1.1778 |              |          0.0001 |
|      82 |        7750 |       00:02:04 |         1.40 |              |       0.9782 |              |          0.0001 |
|      82 |        7790 |       00:02:05 |         1.83 |         1.63 |       1.6684 |       1.3278 |          0.0001 |
|      83 |        7800 |       00:02:05 |         1.24 |              |       0.7653 |              |          0.0001 |
|      83 |        7850 |       00:02:06 |         0.85 |              |       0.3625 |              |          0.0001 |
|      83 |        7885 |       00:02:07 |         1.83 |         1.64 |       1.6666 |       1.3496 |          0.0001 |
|      84 |        7900 |       00:02:07 |         1.32 |              |       0.8671 |              |          0.0001 |
|      84 |        7950 |       00:02:08 |         2.38 |              |       2.8211 |              |          0.0001 |
|      84 |        7980 |       00:02:09 |         1.73 |         1.63 |       1.5032 |       1.3362 |          0.0001 |
|      85 |        8000 |       00:02:09 |         0.97 |              |       0.4728 |              |          0.0001 |
|      85 |        8050 |       00:02:10 |         1.67 |              |       1.3867 |              |          0.0001 |
|      85 |        8075 |       00:02:11 |         1.83 |         1.63 |       1.6836 |       1.3257 |          0.0001 |
|      86 |        8100 |       00:02:11 |         1.23 |              |       0.7589 |              |          0.0001 |
|      86 |        8150 |       00:02:12 |         2.25 |              |       2.5368 |              |          0.0001 |
|      86 |        8170 |       00:02:13 |         1.83 |         1.62 |       1.6679 |       1.3197 |          0.0001 |
|      87 |        8200 |       00:02:13 |         1.02 |              |       0.5203 |              |          0.0001 |
|      87 |        8250 |       00:02:14 |         1.44 |              |       1.0334 |              |          0.0001 |
|      87 |        8265 |       00:02:15 |         1.82 |         1.63 |       1.6563 |       1.3259 |          0.0001 |
|      88 |        8300 |       00:02:15 |         1.05 |              |       0.5549 |              |          0.0001 |
|      88 |        8350 |       00:02:16 |         1.15 |              |       0.6628 |              |          0.0001 |
|      88 |        8360 |       00:02:17 |         1.82 |         1.62 |       1.6514 |       1.3143 |          0.0001 |
|      89 |        8400 |       00:02:17 |         1.18 |              |       0.6994 |              |          0.0001 |
|      89 |        8450 |       00:02:19 |         1.78 |              |       1.5758 |              |          0.0001 |
|      89 |        8455 |       00:02:19 |         1.76 |         1.62 |       1.5457 |       1.3165 |          0.0001 |
|      90 |        8500 |       00:02:20 |         1.09 |              |       0.5957 |              |          0.0001 |
|      90 |        8550 |       00:02:21 |         1.73 |         1.62 |       1.4952 |       1.3120 |          0.0001 |
|      91 |        8600 |       00:02:21 |         0.97 |              |       0.4736 |              |      6.2500e-05 |
|      91 |        8645 |       00:02:22 |         1.77 |         1.60 |       1.5660 |       1.2857 |      6.2500e-05 |
|      92 |        8650 |       00:02:22 |         1.48 |              |       1.0879 |              |      6.2500e-05 |
|      92 |        8700 |       00:02:23 |         1.30 |              |       0.8400 |              |      6.2500e-05 |
|      92 |        8740 |       00:02:24 |         1.74 |         1.60 |       1.5120 |       1.2828 |      6.2500e-05 |
|      93 |        8750 |       00:02:24 |         1.25 |              |       0.7798 |              |      6.2500e-05 |
|      93 |        8800 |       00:02:25 |         0.87 |              |       0.3749 |              |      6.2500e-05 |
|      93 |        8835 |       00:02:25 |         1.74 |         1.60 |       1.5131 |       1.2878 |      6.2500e-05 |
|      94 |        8850 |       00:02:25 |         1.36 |              |       0.9309 |              |      6.2500e-05 |
|      94 |        8900 |       00:02:26 |         2.28 |              |       2.5976 |              |      6.2500e-05 |
|      94 |        8930 |       00:02:27 |         1.73 |         1.61 |       1.4995 |       1.3028 |      6.2500e-05 |
|      95 |        8950 |       00:02:27 |         1.04 |              |       0.5432 |              |      6.2500e-05 |
|      95 |        9000 |       00:02:28 |         1.64 |              |       1.3455 |              |      6.2500e-05 |
|      95 |        9025 |       00:02:28 |         1.73 |         1.62 |       1.4917 |       1.3091 |      6.2500e-05 |
|      96 |        9050 |       00:02:29 |         1.26 |              |       0.7901 |              |      6.2500e-05 |
|      96 |        9100 |       00:02:29 |         2.34 |              |       2.7379 |              |      6.2500e-05 |
|      96 |        9120 |       00:02:30 |         1.77 |         1.62 |       1.5657 |       1.3134 |      6.2500e-05 |
|      97 |        9150 |       00:02:30 |         1.02 |              |       0.5232 |              |      6.2500e-05 |
|      97 |        9200 |       00:02:31 |         1.34 |              |       0.9017 |              |      6.2500e-05 |
|      97 |        9215 |       00:02:31 |         1.82 |         1.62 |       1.6487 |       1.3147 |      6.2500e-05 |
|      98 |        9250 |       00:02:32 |         1.05 |              |       0.5465 |              |      6.2500e-05 |
|      98 |        9300 |       00:02:33 |         1.11 |              |       0.6178 |              |      6.2500e-05 |
|      98 |        9310 |       00:02:33 |         1.78 |         1.61 |       1.5809 |       1.3014 |      6.2500e-05 |
|      99 |        9350 |       00:02:34 |         1.14 |              |       0.6521 |              |      6.2500e-05 |
|      99 |        9400 |       00:02:35 |         1.86 |              |       1.7295 |              |      6.2500e-05 |
|      99 |        9405 |       00:02:35 |         1.79 |         1.61 |       1.5984 |       1.3009 |      6.2500e-05 |
|     100 |        9450 |       00:02:35 |         1.05 |              |       0.5543 |              |      6.2500e-05 |
|     100 |        9500 |       00:02:36 |         1.74 |         1.61 |       1.5222 |       1.2970 |      6.2500e-05 |
|     101 |        9550 |       00:02:37 |         0.96 |              |       0.4595 |              |      6.2500e-05 |
|     101 |        9595 |       00:02:38 |         1.84 |         1.62 |       1.6995 |       1.3094 |      6.2500e-05 |
|     102 |        9600 |       00:02:38 |         1.45 |              |       1.0479 |              |      6.2500e-05 |
|     102 |        9650 |       00:02:39 |         1.45 |              |       1.0526 |              |      6.2500e-05 |
|     102 |        9690 |       00:02:39 |         1.77 |         1.61 |       1.5708 |       1.3002 |      6.2500e-05 |
|     103 |        9700 |       00:02:40 |         1.18 |              |       0.6906 |              |      6.2500e-05 |
|     103 |        9750 |       00:02:40 |         0.86 |              |       0.3691 |              |      6.2500e-05 |
|     103 |        9785 |       00:02:41 |         1.81 |         1.62 |       1.6415 |       1.3098 |      6.2500e-05 |
|     104 |        9800 |       00:02:41 |         1.32 |              |       0.8768 |              |      6.2500e-05 |
|     104 |        9850 |       00:02:42 |         2.32 |              |       2.6925 |              |      6.2500e-05 |
|     104 |        9880 |       00:02:43 |         1.80 |         1.61 |       1.6221 |       1.2980 |      6.2500e-05 |
|======================================================================================================================|
  Training tuned LSTM Price : 6115 sequences, 11 channels, 24 outputs
Training on single GPU.
|======================================================================================================================|
|  Epoch  |  Iteration  |  Time Elapsed  |  Mini-batch  |  Validation  |  Mini-batch  |  Validation  |  Base Learning  |
|         |             |   (hh:mm:ss)   |     RMSE     |     RMSE     |     Loss     |     Loss     |      Rate       |
|======================================================================================================================|
|       1 |           1 |       00:00:00 |        13.52 |         2.97 |      91.4538 |       4.4028 |          0.0005 |
|       1 |          50 |       00:00:00 |         3.93 |              |       7.7343 |              |          0.0005 |
|       1 |          95 |       00:00:01 |         2.91 |         2.81 |       4.2249 |       3.9461 |          0.0005 |
|       2 |         100 |       00:00:01 |         6.22 |              |      19.3459 |              |          0.0005 |
|       2 |         150 |       00:00:02 |         2.81 |              |       3.9463 |              |          0.0005 |
|       2 |         190 |       00:00:03 |         2.77 |         2.68 |       3.8414 |       3.5846 |          0.0005 |
|       3 |         200 |       00:00:03 |         1.93 |              |       1.8611 |              |          0.0005 |
|       3 |         250 |       00:00:04 |         2.85 |              |       4.0736 |              |          0.0005 |
|       3 |         285 |       00:00:04 |         2.74 |         2.58 |       3.7545 |       3.3263 |          0.0005 |
|       4 |         300 |       00:00:05 |         2.58 |              |       3.3174 |              |          0.0005 |
|       4 |         350 |       00:00:05 |        11.36 |              |      64.4687 |              |          0.0005 |
|       4 |         380 |       00:00:06 |         2.82 |         2.51 |       3.9806 |       3.1625 |          0.0005 |
|       5 |         400 |       00:00:06 |         1.58 |              |       1.2497 |              |          0.0005 |
|       5 |         450 |       00:00:07 |         5.69 |              |      16.2046 |              |          0.0005 |
|       5 |         475 |       00:00:08 |         2.90 |         2.48 |       4.2063 |       3.0729 |          0.0005 |
|       6 |         500 |       00:00:08 |         1.93 |              |       1.8541 |              |          0.0005 |
|       6 |         550 |       00:00:09 |         7.34 |              |      26.9066 |              |          0.0005 |
|       6 |         570 |       00:00:09 |         2.87 |         2.38 |       4.1250 |       2.8231 |          0.0005 |
|       7 |         600 |       00:00:10 |         2.04 |              |       2.0715 |              |          0.0005 |
|       7 |         650 |       00:00:11 |         1.93 |              |       1.8673 |              |          0.0005 |
|       7 |         665 |       00:00:11 |         2.75 |         2.26 |       3.7805 |       2.5503 |          0.0005 |
|       8 |         700 |       00:00:11 |         1.58 |              |       1.2468 |              |          0.0005 |
|       8 |         750 |       00:00:12 |         3.03 |              |       4.5834 |              |          0.0005 |
|       8 |         760 |       00:00:12 |         2.60 |         2.13 |       3.3686 |       2.2712 |          0.0005 |
|       9 |         800 |       00:00:13 |         2.27 |              |       2.5687 |              |          0.0005 |
|       9 |         850 |       00:00:14 |         2.37 |              |       2.8156 |              |          0.0005 |
|       9 |         855 |       00:00:14 |         2.38 |         2.03 |       2.8436 |       2.0687 |          0.0005 |
|      10 |         900 |       00:00:15 |         1.57 |              |       1.2339 |              |          0.0005 |
|      10 |         950 |       00:00:16 |         2.16 |         1.95 |       2.3403 |       1.8941 |          0.0005 |
|      11 |        1000 |       00:00:17 |         1.12 |              |       0.6316 |              |          0.0005 |
|      11 |        1045 |       00:00:17 |         2.05 |         1.89 |       2.1062 |       1.7897 |          0.0005 |
|      12 |        1050 |       00:00:17 |         4.80 |              |      11.5264 |              |          0.0005 |
|      12 |        1100 |       00:00:18 |         1.69 |              |       1.4338 |              |          0.0005 |
|      12 |        1140 |       00:00:19 |         1.96 |         1.85 |       1.9215 |       1.7164 |          0.0005 |
|      13 |        1150 |       00:00:19 |         1.25 |              |       0.7805 |              |          0.0005 |
|      13 |        1200 |       00:00:20 |         1.91 |              |       1.8269 |              |          0.0005 |
|      13 |        1235 |       00:00:21 |         1.79 |         1.81 |       1.6014 |       1.6447 |          0.0005 |
|      14 |        1250 |       00:00:21 |         2.29 |              |       2.6266 |              |          0.0005 |
|      14 |        1300 |       00:00:22 |         7.32 |              |      26.7668 |              |          0.0005 |
|      14 |        1330 |       00:00:22 |         1.67 |         1.79 |       1.3900 |       1.6033 |          0.0005 |
|      15 |        1350 |       00:00:23 |         1.23 |              |       0.7605 |              |          0.0005 |
|      15 |        1400 |       00:00:23 |         3.14 |              |       4.9447 |              |          0.0005 |
|      15 |        1425 |       00:00:24 |         1.66 |         1.77 |       1.3850 |       1.5680 |          0.0005 |
|      16 |        1450 |       00:00:24 |         1.79 |              |       1.5936 |              |          0.0005 |
|      16 |        1500 |       00:00:25 |         4.57 |              |      10.4242 |              |          0.0005 |
|      16 |        1520 |       00:00:25 |         1.63 |         1.77 |       1.3333 |       1.5580 |          0.0005 |
|      17 |        1550 |       00:00:26 |         1.65 |              |       1.3665 |              |          0.0005 |
|      17 |        1600 |       00:00:27 |         1.72 |              |       1.4720 |              |          0.0005 |
|      17 |        1615 |       00:00:27 |         1.57 |         1.76 |       1.2303 |       1.5435 |          0.0005 |
|      18 |        1650 |       00:00:28 |         1.41 |              |       0.9970 |              |          0.0005 |
|      18 |        1700 |       00:00:28 |         2.76 |              |       3.8005 |              |          0.0005 |
|      18 |        1710 |       00:00:29 |         1.50 |         1.75 |       1.1312 |       1.5346 |          0.0005 |
|      19 |        1750 |       00:00:29 |         2.06 |              |       2.1310 |              |          0.0005 |
|      19 |        1800 |       00:00:30 |         2.43 |              |       2.9599 |              |          0.0005 |
|      19 |        1805 |       00:00:30 |         1.44 |         1.75 |       1.0326 |       1.5259 |          0.0005 |
|      20 |        1850 |       00:00:31 |         1.42 |              |       1.0130 |              |          0.0005 |
|      20 |        1900 |       00:00:32 |         1.44 |         1.75 |       1.0358 |       1.5381 |          0.0005 |
|      21 |        1950 |       00:00:33 |         0.97 |              |       0.4697 |              |          0.0005 |
|      21 |        1995 |       00:00:34 |         1.39 |         1.75 |       0.9693 |       1.5365 |          0.0005 |
|      22 |        2000 |       00:00:34 |         4.47 |              |       9.9922 |              |          0.0005 |
|      22 |        2050 |       00:00:35 |         1.28 |              |       0.8202 |              |          0.0005 |
|      22 |        2090 |       00:00:35 |         1.47 |         1.76 |       1.0870 |       1.5546 |          0.0005 |
|      23 |        2100 |       00:00:35 |         1.16 |              |       0.6772 |              |          0.0005 |
|      23 |        2150 |       00:00:36 |         1.93 |              |       1.8705 |              |          0.0005 |
|      23 |        2185 |       00:00:37 |         1.45 |         1.75 |       1.0524 |       1.5390 |          0.0005 |
|      24 |        2200 |       00:00:37 |         2.25 |              |       2.5288 |              |          0.0005 |
|      24 |        2250 |       00:00:38 |         6.25 |              |      19.5176 |              |          0.0005 |
|      24 |        2280 |       00:00:38 |         1.39 |         1.75 |       0.9701 |       1.5318 |          0.0005 |
|      25 |        2300 |       00:00:39 |         1.16 |              |       0.6702 |              |          0.0005 |
|      25 |        2350 |       00:00:40 |         2.80 |              |       3.9270 |              |          0.0005 |
|      25 |        2375 |       00:00:40 |         1.39 |         1.76 |       0.9684 |       1.5536 |          0.0005 |
|      26 |        2400 |       00:00:40 |         1.55 |              |       1.2075 |              |          0.0005 |
|      26 |        2450 |       00:00:41 |         4.17 |              |       8.7059 |              |          0.0005 |
|      26 |        2470 |       00:00:42 |         1.35 |         1.77 |       0.9107 |       1.5647 |          0.0005 |
|      27 |        2500 |       00:00:42 |         1.54 |              |       1.1854 |              |          0.0005 |
|      27 |        2550 |       00:00:43 |         1.71 |              |       1.4688 |              |          0.0005 |
|      27 |        2565 |       00:00:43 |         1.31 |         1.78 |       0.8531 |       1.5924 |          0.0005 |
|      28 |        2600 |       00:00:44 |         1.27 |              |       0.8125 |              |          0.0005 |
|      28 |        2650 |       00:00:45 |         2.88 |              |       4.1421 |              |          0.0005 |
|      28 |        2660 |       00:00:45 |         1.36 |         1.80 |       0.9314 |       1.6287 |          0.0005 |
|      29 |        2700 |       00:00:46 |         1.89 |              |       1.7899 |              |          0.0005 |
|      29 |        2750 |       00:00:46 |         2.39 |              |       2.8469 |              |          0.0005 |
|      29 |        2755 |       00:00:47 |         1.37 |         1.79 |       0.9440 |       1.6026 |          0.0005 |
|      30 |        2800 |       00:00:47 |         1.36 |              |       0.9217 |              |          0.0005 |
|      30 |        2850 |       00:00:48 |         1.38 |         1.82 |       0.9567 |       1.6513 |          0.0005 |
|      31 |        2900 |       00:00:49 |         0.82 |              |       0.3326 |              |          0.0003 |
|      31 |        2945 |       00:00:50 |         1.37 |         1.84 |       0.9432 |       1.6861 |          0.0003 |
|======================================================================================================================|

=== [Illustrative-only] Cluster Centers for Each Raw Input ===
Input		MF1	MF2	MF3	MF4	MF5
PV (kW):	0.022	0.015	0.176	1.327	0.121	
Load (kW):	2.772	2.460	3.963	3.584	3.413	
Price ($):	0.327	0.211	0.559	0.430	0.397	
SoC:		0.158	0.769	0.111	0.121	0.139	

=== Pre-rollout checks ===
All models exist

============================================================
24h Forecast starting at: 2012-11-07 00:00:00
============================================================

========================================
PRICE FORECAST ENHANCEMENT RESULTS
========================================
Original FCM-TSK MAE:  $0.0667/kWh
Enhanced FCM-TSK MAE:   $0.0513/kWh
Improvement:            23.0%

Using ENHANCED price forecast for optimization

=== EV RULE-BASED SCHEDULE ===
Total charging scheduled: 25.20 kWh
Total discharging scheduled: 12.93 kWh
Final EV SoC: 57.8%

Forecast Accuracy (FCM-TSK used for proposed dispatch):
  PV MAE:       0.0973 kW
  Load MAE:     0.0832 kW
  Price MAE:    0.0513 $/kWh

Forecast Accuracy (custom FFNN benchmark):
  PV MAE:       0.0673 kW
  Load MAE:     0.0646 kW
  Price MAE:    0.0810 $/kWh

FCM-TSK improvement over FFNN: PV -44.6%, Load -28.8%, Price 36.7%

Forecast Accuracy (LSTM benchmark):
  PV MAE:       0.0949 kW
  Load MAE:     0.1477 kW
  Price MAE:    0.1055 $/kWh

FCM-TSK improvement over LSTM: PV -2.6%, Load 43.7%, Price 51.4%

=== EV RULE-BASED SCHEDULE ===
Total charging scheduled: 25.20 kWh
Total discharging scheduled: 12.93 kWh
Final EV SoC: 57.8%

=== EV SCHEDULE BASELINE COMPARISON (not FCM-TSK forecast) ===
Method                  | Charging (kWh) | Discharging (kWh)
------------------------|----------------|-------------------
Persistence (daily)     | 33.29           | 18.00
Persistence (weekly)    | 33.29           | 18.00
Hourly Average          | 33.29           | 18.00
Rule-based preliminary  | 25.20          | 12.93

=== MANDATORY EV BASELINE USED IN DISPATCH COMPARISON ===
Uncontrolled EV charging energy: 15.22 kWh
Uncontrolled EV discharging energy: 0.00 kWh
Uncontrolled EV final SoC: 70.0%
Required EV final SoC: 70.0%

Battery parameters prepared:
  Pmax: 1.5 kW
  Ecap: 4.0 kWh
  SoC range: [0.25, 0.90]
  Demand charge rate: $5.00/kW
  Demand shaping: weight=0.00, p=6
EV scenario prepared:
  EV initial SoC: 35.0%
  EV final SoC requirement: 70.0%
  EV mode-change cost: $0.01/change
  V2G service target: 2.00 kWh during hours [17 18 19 20 21]

============================================================
Stage B: Multi-run PSO Optimization (BESS+uncontrolled-EV vs BESS+optimized-EV)
============================================================
Strategy 1 (grid + uncontrolled mandatory EV charging) cost = 71.1899 $ [deterministic]
Generating shared initial populations (identical for PSO and DE/GA)...
  Warm-starting 40% of EACH population (60 of 150 individuals): BESS-only near Pbat=0, BESS+EV near [Pbat=0, uncontrolled EV schedule].
  PSO early stopping (no improvement)

--- Strategy 2: BESS Only (n=20 runs) ---
  Mean:   $69.6847 +/- $0.0045 (std)
  Median: $69.6825
  Best:   $69.6817   Worst: $69.6984
  CV:     0.01%

--- Strategy 3: BESS + EV (n=20 runs) ---
  Mean:   $61.3534 +/- $0.8989 (std)
  Median: $61.0245
  Best:   $60.2549   Worst: $63.4751
  CV:     1.47%
  EV charge:    17.76 +/- 0.16 kWh
  EV discharge: 2.15 +/- 0.13 kWh
  EV final SoC: 70.0 +/- 0.0%

--- Local Polish Diagnostic (PSO) ---
  BESS-only:  improved 0/20 runs, mean improvement $0.0000
  BESS+EV:    improved 20/20 runs, mean improvement $0.0211

--- Paired comparison across matched seeds ---
  Strategy 2 vs Strategy 1 (baseline): mean diff = $1.5051
  Strategy 3 vs Strategy 1 (baseline): mean diff = $9.8364
  Strategy 3 vs Strategy 2 (paired signrank test): p = 0.0001
    => EV adds a statistically significant BENEFIT over BESS-only.

Representative (median-cost) Strategy-3 run used for figures: $61.0561
(Mean across 20 runs: $61.3534, Best observed: $60.2549, Worst observed: $63.4751)

==========================================
FINAL DISPATCH SUMMARY (representative run) WITH DEGRADATION & DEMAND CHARGES
==========================================

--- COST BREAKDOWN ---
  Grid Energy Cost:   $40.1661
  Constraint Penalty: $0.3034
  Degradation Cost:   $0.0540 (0.96 equivalent cycles)
  Demand Charge:      $20.3596 (peak: 4.07 kW)
  Demand Shaping Pen.:$0.0000
  Terminal SoC Pen.:  $0.0161
  EV Final SoC Pen.:  $0.0000
  V2G Service Pen.:   $0.0000 (delivered 2.33 kWh)
  SoC Smooth Pen.:    $0.1570
====================================
  Component Sum:      $61.0561
  TOTAL COST:         $61.0561
  Cost Residual:      $0.000000

--- OPERATIONAL METRICS ---
  Grid Import:        85.58 kWh
  Grid Export:        -0.00 kWh
  Battery Throughput: 7.66 kWh
  Battery Cycles:     0.96 equivalent cycles
  Max DoD:            25.0%
  Final SoC:          0.482 (target [0.25, 0.90])

=== PSO-Optimized EV Dispatch (representative run) ===
  EV Charging Energy: 17.97 kWh
  EV Discharging Energy: 2.33 kWh
  EV V2G service energy: 2.33 kWh (target 2.00 kWh)
  Final EV SoC:        70.0%

--- MONETARY vs OBJECTIVE (representative run) ---
  Monetary cost (energy+degradation+demand charge): $60.5797
  Objective value J (incl. penalties/regularisers):  $61.0561
  Virtual share of J: 0.78%  <-- compute savings on the MONETARY figure

============================================================
Stage B2: Multi-run DE Optimization (BESS+uncontrolled-EV vs BESS+optimized-EV)
============================================================
  DE early stopping (no improvement)
  DE early stopping (no improvement)

--- DE Strategy 2: BESS Only (n=20 runs) ---
  Mean:   $69.7274 +/- $0.0417 (std)
  Median: $69.7177   Best: $69.6894   Worst: $69.8779
  CV:     0.06%

--- DE Strategy 3: BESS + EV (n=20 runs) ---
  Mean:   $62.3179 +/- $0.5854 (std)
  Median: $62.3000   Best: $61.1263   Worst: $63.7206
  CV:     0.94%

--- Local Polish Diagnostic (DE) ---
  BESS-only:  improved 20/20 runs, mean improvement $0.0625
  BESS+EV:    improved 20/20 runs, mean improvement $0.7342

--- PSO vs DE (paired, matched seeds) ---
  BESS-only:   PSO $69.6847 vs DE $69.7274   (p = 0.0001)
  BESS+EV:     PSO $61.3534 vs DE $62.3179   (p = 0.0009)
    => PSO is significantly better than DE on the BESS+EV problem.

==============================
STRATEGY COMPARISON ANALYSIS
==============================

--- Strategy 1: Grid + Uncontrolled EV Charging ---
  Total Cost:     $71.1899

--- Strategy 2: BESS + Uncontrolled EV Charging ---
  Mean Cost (n=20):  $69.6847 +/- $0.0045
  Mean Savings vs baseline: $1.5051 (2.1%)
  Best observed:  $69.6817   Worst observed: $69.6984

--- DEMAND CHARGE ANALYSIS (representative run) ---
  Baseline Peak Demand:   6.34 kW
  Proposed Peak Demand:   4.07 kW
  Baseline Demand Charge: $31.68
  Proposed Demand Charge: $20.36
  Demand Charge Reduction: 35.7%

--- Strategy 3: BESS + EV (Proposed) ---
  Mean Cost (n=20):  $61.3534 +/- $0.8989
  Mean Savings vs baseline: $9.8364 (13.8%)
  Best observed:  $60.2549   Worst observed: $63.4751

--- ECONOMIC ANALYSIS (based on MEAN of 20 runs) ---
  BESS Cost:          $2000 (4.0 kWh @ $500/kWh installed)
  EV Fleet Value:     Existing asset (no additional cost)
  Daily Savings (mean):      $9.84
  Annualized Savings (mean)*: $3590
  Indicative Payback (mean)*: 0.6 years
  Best-case (n=20, single best run): Daily $10.93, Payback 0.5 yr
  *Annualized from one representative 24-h test day.
   Use multi-day/seasonal dispatch before claiming final annual payback.

=== Baseline Forecasts ===

=== Baseline Comparison ===

--- B1: Persistence ---
  PV MAE:    0.4926 kW
  Load MAE:  0.6259 kW
  Price MAE: 0.1263 $/kWh

--- B2: Seasonal Persistence ---
  PV MAE:    0.1135 kW
  Load MAE:  0.1898 kW
  Price MAE: 0.0677 $/kWh

--- B3: Custom FFNN Benchmark ---
  PV MAE:    0.0673 kW
  Load MAE:  0.0646 kW
  Price MAE: 0.0810 $/kWh

--- B4: LSTM Benchmark ---
  PV MAE:    0.0949 kW
  Load MAE:  0.1477 kW
  Price MAE: 0.1055 $/kWh

--- Proposed FCM-TSK Model ---
  PV MAE:    0.0973 kW
  Load MAE:  0.0832 kW
  Price MAE: 0.0513 $/kWh

--- Skill Score ---
  PV Skill Score:    0.1426
  Load Skill Score:  0.5617
  Price Skill Score: 0.2423
  EV Charging/Discharging Skill Score: N/A (rule-based/optimization variable)

--- Best-Baseline Skill Score Including FFNN and LSTM ---
  PV:    best baseline = FFNN (MAE 0.0673), FCM skill = -0.4465
  Load:  best baseline = FFNN (MAE 0.0646), FCM skill = -0.2881
  Price: best baseline = Seasonal Persistence (MAE 0.0677), FCM skill = 0.2423

=== Statistical Comparison (Diebold-Mariano Test) ===

--- PV Forecast ---
FCM vs B1:
  DM stat = -3.1710, p-value = 0.0015
  => Statistically significant difference (reject H0)
FCM vs B2:
  DM stat = -0.0818, p-value = 0.9348
  => No significant difference (fail to reject H0)
FCM vs FFNN:
  DM stat = 1.9870, p-value = 0.0469
  => Statistically significant difference (reject H0)
FCM vs LSTM:
  DM stat = 0.8029, p-value = 0.4221
  => No significant difference (fail to reject H0)
  PV    FCM vs LSTM: DM = +0.8029, p = 0.4221

--- Load Forecast ---
FCM vs B1:
  DM stat = -5.6588, p-value = 0.0000
  => Statistically significant difference (reject H0)
FCM vs B2:
  DM stat = -3.8705, p-value = 0.0001
  => Statistically significant difference (reject H0)
FCM vs FFNN:
  DM stat = 1.1450, p-value = 0.2522
  => No significant difference (fail to reject H0)
FCM vs LSTM:
  DM stat = -3.1260, p-value = 0.0018
  => Statistically significant difference (reject H0)
  Load  FCM vs LSTM: DM = -3.1260, p = 0.0018

--- Price Forecast ---
FCM vs B1:
  DM stat = -3.0954, p-value = 0.0020
  => Statistically significant difference (reject H0)
FCM vs B2:
  DM stat = -1.9490, p-value = 0.0513
  => No significant difference (fail to reject H0)
FCM vs FFNN:
  DM stat = -3.7374, p-value = 0.0002
  => Statistically significant difference (reject H0)
FCM vs LSTM:
  DM stat = -5.2780, p-value = 0.0000
  => Statistically significant difference (reject H0)
  Price FCM vs LSTM: DM = -5.2780, p = 0.0000

--- EV Charging/Discharging Forecast ---
EV charging/discharging are not claimed as FCM-TSK forecasts in this study.

========================================
VISUALIZATION COMPLETE
========================================
Generated figures:
  Figure(s) 0a-0c: Actual-model MFs (FIX #4) + illustrative-only MFs (relabeled)
  Figure 1: Forecast Quality and SoC Trajectories
  Figure 2: Optimal Dispatch Results (representative/median run, PSO)
  Figure 3: PSO Convergence Analysis (mean +/- std over 20 runs)
  Figure 4: PSO Validation (representative run trace)
  Figure 5: Cost Breakdown Analysis (representative run, PSO)
  Figure A: DE Convergence Analysis (mean +/- std over 20 runs)
  Figure B: PSO vs DE Convergence Overlay (BESS+EV)
  Figure C: PSO vs DE Mean Cost Comparison (grouped bar, error bars)
  Figure D: PSO vs DE Cost Distribution (boxplot)

========================================
MAIN CONTRIBUTIONS SUMMARY TABLE
========================================

Metric                    | FCM-TSK         | Best Baseline   | Improvement    
--------------------------+-----------------+-----------------+----------------
PV MAE (kW)               | 0.0973          | 0.0673 (FFNN)   | -44.6%         
Load MAE (kW)             | 0.0832          | 0.0646 (FFNN)   | -28.8%         
Price MAE ($/kWh)         | 0.0513          | 0.0677 (Seasonal Persistence) | 24.2%          
Economic Metric (n=20)    | Mean Value      | Baseline        | Mean Improvement
--------------------------+-----------------+-----------------+----------------
Daily Cost ($)            | 61.35           | 71.19           | 13.8%          
Daily Savings ($)         | 9.84            | -               | -              
Best observed cost ($)    | 60.25           | -               | (of 20 runs)   
Worst observed cost ($)   | 63.48           | -               | (of 20 runs)   
Demand Charge ($)         | 20.36           | 31.68           | 35.7%          
Peak Demand (kW)          | 4.07            | 6.34            | 35.7%          
BESS Cycles (day)         | 0.96            | -               | -              
Final EV SoC (%)          | 70.0            | >50%            | OK             
DE Daily Cost ($)         | 62.32           | 71.19           | 12.5%          

Statistical Test          | DM Statistic    | p-value         | Significant    
--------------------------+-----------------+-----------------+----------------
PV (FCM vs B1)            | -3.1710         | 0.0015          | Yes            
PV (FCM vs B2)            | -0.0818         | 0.9348          | No             
PV (FCM vs FFNN)          | 1.9870          | 0.0469          | Yes            
Load (FCM vs B1)          | -5.6588         | 0.0000          | Yes            
Load (FCM vs B2)          | -3.8705         | 0.0001          | Yes            
Load (FCM vs FFNN)        | 1.1450          | 0.2522          | No             
Price (FCM vs B1)         | -3.0954         | 0.0020          | Yes            
Price (FCM vs B2)         | -1.9490         | 0.0513          | Borderline     
Price (FCM vs FFNN)       | -3.7374         | 0.0002          | Yes            

Dispatch Test             | p-value (paired signrank)
--------------------------+----------------
Strategy3 vs Strategy2    | 0.0001         
PSO vs DE (BESS only)     | 0.0001         
PSO vs DE (BESS+EV)       | 0.0009         

Note: economic headline figures are now MEAN of 20 matched-seed PSO/DE runs, not a cherry-picked best run.
========================================

############################################################
## MULTI-DAY EVALUATION (20 requested days, 10 runs/day)
############################################################
Available midnight-start test days: 55
Selected days: 20
Relative compute vs single-day PSO/DE section: approximately 10.0x

--- Multi-day evaluation: Day 1/20 (2012-11-07) ---
  DE early stopping (no improvement)
  DE early stopping (no improvement)
  DE early stopping (no improvement)
  Forecast MAE: PV=0.0973, Load=0.0832, Price=0.0513
  FFNN MAE:     PV=0.0673, Load=0.0646, Price=0.0810
  LSTM MAE:     PV=0.0949, Load=0.1477, Price=0.1055
  S1 grid+uncontrolled EV: $71.1899
  S2 BESS+uncontrolled EV: $69.6831 +/- $0.0017
  S3 PSO BESS+optimized EV/V2G: $61.0676 +/- $0.7271  (saving 14.22%)
  EV charge/discharge: 17.75 / 2.14 kWh, final SoC 70.0%, V2G 2.30 kWh
  DE BESS+optimized EV/V2G: $61.9434 +/- $0.3583  (saving 12.99%)

--- Multi-day evaluation: Day 2/20 (2012-11-10) ---
  PSO early stopping (no improvement)
  DE early stopping (no improvement)
  Forecast MAE: PV=0.0983, Load=0.1996, Price=0.0379
  FFNN MAE:     PV=0.1061, Load=0.2151, Price=0.0556
  LSTM MAE:     PV=0.1080, Load=0.2237, Price=0.0457
  S1 grid+uncontrolled EV: $67.2285
  S2 BESS+uncontrolled EV: $65.6467 +/- $0.0066
  S3 PSO BESS+optimized EV/V2G: $57.0397 +/- $1.1524  (saving 15.16%)
  EV charge/discharge: 17.71 / 2.11 kWh, final SoC 70.0%, V2G 2.00 kWh
  DE BESS+optimized EV/V2G: $58.2420 +/- $0.5700  (saving 13.37%)

--- Multi-day evaluation: Day 3/20 (2012-11-13) ---
  Forecast MAE: PV=0.1421, Load=0.0452, Price=0.0443
  FFNN MAE:     PV=0.1414, Load=0.0952, Price=0.0590
  LSTM MAE:     PV=0.1647, Load=0.1060, Price=0.0704
  S1 grid+uncontrolled EV: $63.7533
  S2 BESS+uncontrolled EV: $62.2578 +/- $0.0010
  S3 PSO BESS+optimized EV/V2G: $55.6904 +/- $1.8595  (saving 12.65%)
  EV charge/discharge: 17.77 / 2.16 kWh, final SoC 70.0%, V2G 2.17 kWh
  DE BESS+optimized EV/V2G: $56.1830 +/- $0.4586  (saving 11.87%)

--- Multi-day evaluation: Day 4/20 (2012-11-16) ---
  DE early stopping (no improvement)
  Forecast MAE: PV=0.0649, Load=0.0741, Price=0.0259
  FFNN MAE:     PV=0.1432, Load=0.0537, Price=0.0524
  LSTM MAE:     PV=0.1805, Load=0.0856, Price=0.0854
  S1 grid+uncontrolled EV: $75.6894
  S2 BESS+uncontrolled EV: $74.1591 +/- $0.0058
  S3 PSO BESS+optimized EV/V2G: $66.3259 +/- $1.1782  (saving 12.37%)
  EV charge/discharge: 17.79 / 2.18 kWh, final SoC 70.0%, V2G 2.42 kWh
  DE BESS+optimized EV/V2G: $67.7269 +/- $0.6206  (saving 10.52%)

--- Multi-day evaluation: Day 5/20 (2012-11-18) ---
  Forecast MAE: PV=0.1056, Load=0.0828, Price=0.0395
  FFNN MAE:     PV=0.1030, Load=0.1263, Price=0.0715
  LSTM MAE:     PV=0.0723, Load=0.1806, Price=0.0979
  S1 grid+uncontrolled EV: $66.8366
  S2 BESS+uncontrolled EV: $64.9918 +/- $0.0008
  S3 PSO BESS+optimized EV/V2G: $55.7148 +/- $1.1059  (saving 16.64%)
  EV charge/discharge: 17.90 / 2.27 kWh, final SoC 70.0%, V2G 2.18 kWh
  DE BESS+optimized EV/V2G: $57.1575 +/- $0.3370  (saving 14.48%)

--- Multi-day evaluation: Day 6/20 (2012-11-21) ---
  DE early stopping (no improvement)
  DE early stopping (no improvement)
  DE early stopping (no improvement)
  Forecast MAE: PV=0.0681, Load=0.0529, Price=0.0260
  FFNN MAE:     PV=0.0662, Load=0.1504, Price=0.0679
  LSTM MAE:     PV=0.1169, Load=0.1688, Price=0.0807
  S1 grid+uncontrolled EV: $69.3811
  S2 BESS+uncontrolled EV: $67.9460 +/- $0.0016
  S3 PSO BESS+optimized EV/V2G: $59.3483 +/- $1.0319  (saving 14.46%)
  EV charge/discharge: 17.81 / 2.20 kWh, final SoC 70.0%, V2G 2.47 kWh
  DE BESS+optimized EV/V2G: $60.5756 +/- $1.1291  (saving 12.69%)

--- Multi-day evaluation: Day 7/20 (2012-11-24) ---
  DE early stopping (no improvement)
  Forecast MAE: PV=0.1372, Load=0.1577, Price=0.1089
  FFNN MAE:     PV=0.0866, Load=0.1981, Price=0.1476
  LSTM MAE:     PV=0.1032, Load=0.1250, Price=0.1244
  S1 grid+uncontrolled EV: $59.1550
  S2 BESS+uncontrolled EV: $57.4467 +/- $0.0009
  S3 PSO BESS+optimized EV/V2G: $49.5014 +/- $1.3985  (saving 16.32%)
  EV charge/discharge: 18.35 / 2.13 kWh, final SoC 71.4%, V2G 2.01 kWh
  DE BESS+optimized EV/V2G: $50.5041 +/- $0.6467  (saving 14.62%)

--- Multi-day evaluation: Day 8/20 (2012-11-27) ---
  DE early stopping (no improvement)
  Forecast MAE: PV=0.1473, Load=0.0433, Price=0.1050
  FFNN MAE:     PV=0.2318, Load=0.0437, Price=0.1254
  LSTM MAE:     PV=0.2696, Load=0.1229, Price=0.1353
  S1 grid+uncontrolled EV: $82.2613
  S2 BESS+uncontrolled EV: $80.7062 +/- $0.0034
  S3 PSO BESS+optimized EV/V2G: $74.1110 +/- $0.8001  (saving 9.91%)
  EV charge/discharge: 17.79 / 2.17 kWh, final SoC 70.0%, V2G 2.51 kWh
  DE BESS+optimized EV/V2G: $75.0483 +/- $0.9234  (saving 8.77%)

--- Multi-day evaluation: Day 9/20 (2012-11-30) ---
  DE early stopping (no improvement)
  DE early stopping (no improvement)
  DE early stopping (no improvement)
  Forecast MAE: PV=0.1823, Load=0.1959, Price=0.0769
  FFNN MAE:     PV=0.0973, Load=0.1211, Price=0.0736
  LSTM MAE:     PV=0.0917, Load=0.1209, Price=0.1100
  S1 grid+uncontrolled EV: $82.3278
  S2 BESS+uncontrolled EV: $80.8171 +/- $0.0051
  S3 PSO BESS+optimized EV/V2G: $73.5260 +/- $0.7180  (saving 10.69%)
  EV charge/discharge: 17.61 / 2.03 kWh, final SoC 70.0%, V2G 2.03 kWh
  DE BESS+optimized EV/V2G: $74.6258 +/- $0.4832  (saving 9.36%)

--- Multi-day evaluation: Day 10/20 (2012-12-03) ---
  DE early stopping (no improvement)
  DE early stopping (no improvement)
  Forecast MAE: PV=0.2248, Load=0.1397, Price=0.0621
  FFNN MAE:     PV=0.2675, Load=0.1606, Price=0.0880
  LSTM MAE:     PV=0.1957, Load=0.1513, Price=0.0625
  S1 grid+uncontrolled EV: $63.8610
  S2 BESS+uncontrolled EV: $62.1205 +/- $0.0020
  S3 PSO BESS+optimized EV/V2G: $53.0074 +/- $0.5325  (saving 17.00%)
  EV charge/discharge: 17.71 / 2.11 kWh, final SoC 70.0%, V2G 2.01 kWh
  DE BESS+optimized EV/V2G: $54.8877 +/- $0.5422  (saving 14.05%)

--- Multi-day evaluation: Day 11/20 (2012-12-05) ---
  PSO early stopping (no improvement)
  DE early stopping (no improvement)
  Forecast MAE: PV=0.1494, Load=0.3617, Price=0.0278
  FFNN MAE:     PV=0.1009, Load=0.1977, Price=0.0622
  LSTM MAE:     PV=0.0825, Load=0.1872, Price=0.0468
  S1 grid+uncontrolled EV: $68.1285
  S2 BESS+uncontrolled EV: $66.5734 +/- $0.0007
  S3 PSO BESS+optimized EV/V2G: $59.9077 +/- $0.4793  (saving 12.07%)
  EV charge/discharge: 17.77 / 2.16 kWh, final SoC 70.0%, V2G 2.32 kWh
  DE BESS+optimized EV/V2G: $62.5648 +/- $0.7137  (saving 8.17%)

--- Multi-day evaluation: Day 12/20 (2012-12-08) ---
  DE early stopping (no improvement)
  Forecast MAE: PV=0.1666, Load=0.1018, Price=0.0646
  FFNN MAE:     PV=0.1190, Load=0.1623, Price=0.0530
  LSTM MAE:     PV=0.0950, Load=0.1455, Price=0.0743
  S1 grid+uncontrolled EV: $69.1372
  S2 BESS+uncontrolled EV: $67.1966 +/- $0.0245
  S3 PSO BESS+optimized EV/V2G: $59.7199 +/- $1.7232  (saving 13.62%)
  EV charge/discharge: 17.89 / 2.26 kWh, final SoC 70.0%, V2G 2.45 kWh
  DE BESS+optimized EV/V2G: $60.3145 +/- $0.7094  (saving 12.76%)

--- Multi-day evaluation: Day 13/20 (2012-12-11) ---
  DE early stopping (no improvement)
  DE early stopping (no improvement)
  DE early stopping (no improvement)
  Forecast MAE: PV=0.2235, Load=0.0956, Price=0.0631
  FFNN MAE:     PV=0.2214, Load=0.1206, Price=0.0477
  LSTM MAE:     PV=0.2687, Load=0.1486, Price=0.0582
  S1 grid+uncontrolled EV: $65.1750
  S2 BESS+uncontrolled EV: $63.4726 +/- $0.0033
  S3 PSO BESS+optimized EV/V2G: $56.1379 +/- $0.7608  (saving 13.87%)
  EV charge/discharge: 17.83 / 2.21 kWh, final SoC 70.0%, V2G 2.02 kWh
  DE BESS+optimized EV/V2G: $57.6372 +/- $0.7319  (saving 11.57%)

--- Multi-day evaluation: Day 14/20 (2012-12-14) ---
  PSO early stopping (no improvement)
  PSO early stopping (no improvement)
  PSO early stopping (no improvement)
  PSO early stopping (no improvement)
  PSO early stopping (no improvement)
  PSO early stopping (no improvement)
  PSO early stopping (no improvement)
  PSO early stopping (no improvement)
  PSO early stopping (no improvement)
  DE early stopping (no improvement)
  Forecast MAE: PV=0.0892, Load=0.0770, Price=0.0434
  FFNN MAE:     PV=0.0925, Load=0.0883, Price=0.0492
  LSTM MAE:     PV=0.0751, Load=0.1199, Price=0.0592
  S1 grid+uncontrolled EV: $71.0200
  S2 BESS+uncontrolled EV: $68.8196 +/- $0.0009
  S3 PSO BESS+optimized EV/V2G: $61.1820 +/- $1.2983  (saving 13.85%)
  EV charge/discharge: 17.77 / 2.16 kWh, final SoC 70.0%, V2G 2.03 kWh
  DE BESS+optimized EV/V2G: $62.5022 +/- $0.6279  (saving 11.99%)

--- Multi-day evaluation: Day 15/20 (2012-12-17) ---
  DE early stopping (no improvement)
  DE early stopping (no improvement)
  Forecast MAE: PV=0.1035, Load=0.1474, Price=0.0420
  FFNN MAE:     PV=0.0469, Load=0.0997, Price=0.0377
  LSTM MAE:     PV=0.0717, Load=0.0789, Price=0.0315
  S1 grid+uncontrolled EV: $65.2026
  S2 BESS+uncontrolled EV: $63.3758 +/- $0.0020
  S3 PSO BESS+optimized EV/V2G: $55.6165 +/- $1.3115  (saving 14.70%)
  EV charge/discharge: 17.98 / 2.34 kWh, final SoC 70.0%, V2G 2.12 kWh
  DE BESS+optimized EV/V2G: $56.5057 +/- $0.6662  (saving 13.34%)

--- Multi-day evaluation: Day 16/20 (2012-12-20) ---
  Forecast MAE: PV=0.0925, Load=0.0916, Price=0.0306
  FFNN MAE:     PV=0.0771, Load=0.1651, Price=0.0618
  LSTM MAE:     PV=0.0601, Load=0.1221, Price=0.0363
  S1 grid+uncontrolled EV: $65.8929
  S2 BESS+uncontrolled EV: $64.1417 +/- $0.0031
  S3 PSO BESS+optimized EV/V2G: $57.2703 +/- $1.4272  (saving 13.09%)
  EV charge/discharge: 17.72 / 2.11 kWh, final SoC 70.0%, V2G 2.02 kWh
  DE BESS+optimized EV/V2G: $57.9402 +/- $0.6434  (saving 12.07%)

--- Multi-day evaluation: Day 17/20 (2012-12-22) ---
  DE early stopping (no improvement)
  Forecast MAE: PV=0.2471, Load=0.1886, Price=0.0280
  FFNN MAE:     PV=0.2340, Load=0.2690, Price=0.0371
  LSTM MAE:     PV=0.3008, Load=0.1575, Price=0.0249
  S1 grid+uncontrolled EV: $61.7866
  S2 BESS+uncontrolled EV: $60.0653 +/- $0.0005
  S3 PSO BESS+optimized EV/V2G: $52.8019 +/- $0.9114  (saving 14.54%)
  EV charge/discharge: 17.61 / 2.03 kWh, final SoC 70.0%, V2G 2.00 kWh
  DE BESS+optimized EV/V2G: $53.6586 +/- $0.5606  (saving 13.15%)

--- Multi-day evaluation: Day 18/20 (2012-12-25) ---
  DE early stopping (no improvement)
  DE early stopping (no improvement)
  DE early stopping (no improvement)
  DE early stopping (no improvement)
  Forecast MAE: PV=0.2521, Load=0.3884, Price=0.0722
  FFNN MAE:     PV=0.1742, Load=0.3245, Price=0.0553
  LSTM MAE:     PV=0.3106, Load=0.2324, Price=0.0534
  S1 grid+uncontrolled EV: $69.5080
  S2 BESS+uncontrolled EV: $67.5799 +/- $0.0147
  S3 PSO BESS+optimized EV/V2G: $59.6974 +/- $0.9459  (saving 14.11%)
  EV charge/discharge: 17.73 / 2.12 kWh, final SoC 70.0%, V2G 2.00 kWh
  DE BESS+optimized EV/V2G: $60.9808 +/- $0.7818  (saving 12.27%)

--- Multi-day evaluation: Day 19/20 (2012-12-28) ---
  DE early stopping (no improvement)
  DE early stopping (no improvement)
  Forecast MAE: PV=0.1159, Load=0.1148, Price=0.0700
  FFNN MAE:     PV=0.1821, Load=0.1088, Price=0.0306
  LSTM MAE:     PV=0.2165, Load=0.0822, Price=0.0436
  S1 grid+uncontrolled EV: $65.9144
  S2 BESS+uncontrolled EV: $64.0791 +/- $0.0071
  S3 PSO BESS+optimized EV/V2G: $56.6895 +/- $0.7344  (saving 14.00%)
  EV charge/discharge: 17.65 / 2.06 kWh, final SoC 70.0%, V2G 2.00 kWh
  DE BESS+optimized EV/V2G: $57.9571 +/- $0.6235  (saving 12.07%)

--- Multi-day evaluation: Day 20/20 (2012-12-31) ---
  DE early stopping (no improvement)
  DE early stopping (no improvement)
  DE early stopping (no improvement)
  Forecast MAE: PV=0.1789, Load=0.1103, Price=0.0716
  FFNN MAE:     PV=0.0584, Load=0.2584, Price=0.0757
  LSTM MAE:     PV=0.1437, Load=0.1927, Price=0.1266
  S1 grid+uncontrolled EV: $94.1813
  S2 BESS+uncontrolled EV: $92.3081 +/- $0.0025
  S3 PSO BESS+optimized EV/V2G: $83.9203 +/- $0.7790  (saving 10.89%)
  EV charge/discharge: 17.63 / 2.04 kWh, final SoC 70.0%, V2G 2.00 kWh
  DE BESS+optimized EV/V2G: $85.6682 +/- $0.3186  (saving 9.04%)

============================================================
MULTI-DAY EVALUATION SUMMARY (20 days, 10 runs/day)
============================================================

--- Forecast Accuracy Across Days ---
  PV MAE:    mean=0.1443, std=0.0582, range=[0.0649, 0.2521]
  Load MAE:  mean=0.1376, std=0.0941, range=[0.0433, 0.3884]
  Price MAE: mean=0.0546, std=0.0247, range=[0.0259, 0.1089]

--- FFNN Forecast Accuracy Across Days ---
  PV MAE:    mean=0.1308, std=0.0660, range=[0.0469, 0.2675]
  Load MAE:  mean=0.1511, std=0.0750, range=[0.0437, 0.3245]
  Price MAE: mean=0.0666, std=0.0283, range=[0.0306, 0.1476]

--- Multi-day FCM-TSK Improvement Over FFNN ---
  PV:    -10.31%
  Load:  8.98%
  Price: 18.09%

--- LSTM Forecast Accuracy Across Days ---
  PV MAE:    mean=0.1511, std=0.0826, range=[0.0601, 0.3106]
  Load MAE:  mean=0.1450, std=0.0435, range=[0.0789, 0.2324]
  Price MAE: mean=0.0736, std=0.0334, range=[0.0249, 0.1353]

--- Multi-day FCM-TSK Improvement Over LSTM ---
  PV:    4.48%
  Load:  5.11%
  Price: 25.89%

--- Economic Performance Across Days ---
  S1 baseline cost: mean=$69.8815 +/- $8.2264
  S2 BESS+uncontrolled EV: mean=$68.1693 +/- $8.2364, saving=2.45%
  S3 PSO BESS+optimized EV/V2G: mean=$60.4138 +/- $8.2817, saving=13.71% +/- 1.90%
  Days with positive PSO savings: 20/20
  Days with significant EV benefit vs S2 (p<0.05, correct direction): 20/20
  Mean PSO CV across days: 1.77%
  DE BESS+optimized EV/V2G: mean=$61.6312 +/- $8.3735, saving=11.96% +/- 1.89%

--- EV/V2G Utilization Across Days ---
  EV charge:    17.79 +/- 0.16 kWh/day
  EV discharge: 2.15 +/- 0.08 kWh/day
  V2G service:  2.15 +/- 0.19 kWh/day
  Final EV SoC: 70.1 +/- 0.3%

--- Peak Demand Across Days ---
  Baseline peak: 6.27 +/- 0.18 kW
  Proposed peak: 4.14 +/- 0.28 kW
  Peak reduction: 34.03% +/- 3.59%

--- Across-Day Statistical Test ---
  One-sample t-test for PSO savings% > 0: p = 0.0000
  Wilcoxon signed-rank test for PSO savings% > 0: p = 0.0001

Saved multi-day table: C:\Users\Alamgir\Documents\MATLAB\Microgrid_EMS_PSO_Fuzzy\multiday_results_20days_10runs.csv
diary off               % stop capturing
